<?xml version="1.0" encoding="UTF-8"?>
<testsuite name="com.exito.www.runners.BusquedaOutlineRunner" tests="0" skipped="0" failures="0" errors="0" timestamp="1970-01-01T00:00:00" hostname="FLIAGUERREROCAM" time="0.0">
  <properties/>
  <system-out><![CDATA[
?[31mFailed scenarios:?[0m
?[31msrc/test/resources/com.exito.www.features/busquedaOutline.feature:15 ?[0m# https://www.exito.com/<productos>Nevera HACEB No Frost 243 9002257

5 Scenarios (?[31m1 failed?[0m, ?[32m4 passed?[0m)
15 Steps (?[31m1 failed?[0m, ?[32m14 passed?[0m)
1m58,823s

java.lang.AssertionError: 
Expected: an element containing 'Nevera HACEB No Frost 243 9002257'
     but:  was the element identified by xpath: //span[@class='vtex-store-components-3-x-productBrand '] []
	at net.serenitybdd.screenplay.ErrorTally.throwSummaryExceptionFrom(ErrorTally.java:36)
	at net.serenitybdd.screenplay.ErrorTally.reportAnyErrors(ErrorTally.java:30)
	at net.serenitybdd.screenplay.Actor.should(Actor.java:301)
	at com.exito.www.stepDefinitions.BusquedaOutlineStepDefinition.validoElNombreDeLosCincoProducto(BusquedaOutlineStepDefinition.java:33)
	at ?.valido el nombre de los cinco producto Nevera HACEB No Frost 243 9002257(src/test/resources/com.exito.www.features/busquedaOutline.feature:7)

]]></system-out>
  <system-err><![CDATA[[Test worker] INFO net.thucydides.core.steps.ConsoleLoggingListener - Test Suite Started: Busqueda de cinco productos en la barra de busqueda del exito
[Test worker] INFO net.thucydides.core.steps.ConsoleLoggingListener - 
 _____ _____ ____ _____   ____ _____  _    ____ _____ _____ ____  
|_   _| ____/ ___|_   _| / ___|_   _|/ \  |  _ \_   _| ____|  _ \ 
  | | |  _| \___ \ | |   \___ \ | | / _ \ | |_) || | |  _| | | | |
  | | | |___ ___) || |    ___) || |/ ___ \|  _ < | | | |___| |_| |
  |_| |_____|____/ |_|   |____/ |_/_/   \_\_| \_\|_| |_____|____/ 
                                                                  

TEST STARTED: https://www.exito.com/<productos>CONSOLA SERIES S XBOX RRS00004
-------------------------------------------------------------------(busqueda-de-cinco-productos-en-la-barra-de-busqueda-del-exito;https://www.exito.com/<productos>consola-series-s-xbox-rrs00004)
]]></system-err>
</testsuite>
