<?xml version="1.0" encoding="UTF-8"?>
<testsuite name="com.exito.www.runners.BusquedaConExcelRunner" tests="0" skipped="0" failures="0" errors="0" timestamp="1970-01-01T00:00:00" hostname="FLIAGUERREROCAM" time="0.0">
  <properties/>
  <system-out><![CDATA[
3 Scenarios (?[32m3 passed?[0m)
9 Steps (?[32m9 passed?[0m)
1m2,906s

]]></system-out>
  <system-err><![CDATA[[Test worker] INFO net.thucydides.core.steps.ConsoleLoggingListener - Test Suite Started: buscar tres productos desde la barra de busqueda del exito inyectando data desde excel
[Test worker] INFO net.thucydides.core.steps.ConsoleLoggingListener - 
 _____ _____ ____ _____   ____ _____  _    ____ _____ _____ ____  
|_   _| ____/ ___|_   _| / ___|_   _|/ \  |  _ \_   _| ____|  _ \ 
  | | |  _| \___ \ | |   \___ \ | | / _ \ | |_) || | |  _| | | | |
  | | | |___ ___) || |    ___) || |/ ___ \|  _ < | | | |___| |_| |
  |_| |_____|____/ |_|   |____/ |_/_/   \_\_| \_\|_| |_____|____/ 
                                                                  

TEST STARTED: buscar tres productos desde la barra de busqueda de la pagina del exito
-------------------------------------------------------------------(buscar-tres-productos-desde-la-barra-de-busqueda-del-exito-inyectando-data-desde-excel;buscar-tres-productos-desde-la-barra-de-busqueda-de-la-pagina-del-exito)
]]></system-err>
</testsuite>
